==========================================
SLURM_JOB_ID = 380722
SLURM_NODELIST = gnode82
SLURM_JOB_GPUS = 0,1
==========================================
[NbConvertApp] Converting notebook Training.ipynb to script
[NbConvertApp] Writing 3088 bytes to Training.txt
2021-05-02 15:05:41.187852: W tensorflow/stream_executor/platform/default/dso_loader.cc:60] Could not load dynamic library 'libcudart.so.11.0'; dlerror: libcudart.so.11.0: cannot open shared object file: No such file or directory; LD_LIBRARY_PATH: :/home/shaunak/lammps_test_7thAug19_sm_60/lammps-stable/lammps-25Oct19/src
2021-05-02 15:05:41.188038: I tensorflow/stream_executor/cuda/cudart_stub.cc:29] Ignore above cudart dlerror if you do not have a GPU set up on your machine.
2021-05-02 15:05:52.418849: I tensorflow/compiler/jit/xla_cpu_device.cc:41] Not creating XLA devices, tf_xla_enable_xla_devices not set
2021-05-02 15:05:52.420588: I tensorflow/stream_executor/platform/default/dso_loader.cc:49] Successfully opened dynamic library libcuda.so.1
2021-05-02 15:05:52.435741: I tensorflow/core/common_runtime/gpu/gpu_device.cc:1720] Found device 0 with properties: 
pciBusID: 0000:02:00.0 name: GeForce RTX 2080 Ti computeCapability: 7.5
coreClock: 1.545GHz coreCount: 68 deviceMemorySize: 10.76GiB deviceMemoryBandwidth: 573.69GiB/s
2021-05-02 15:05:52.436487: I tensorflow/core/common_runtime/gpu/gpu_device.cc:1720] Found device 1 with properties: 
pciBusID: 0000:03:00.0 name: GeForce RTX 2080 Ti computeCapability: 7.5
coreClock: 1.545GHz coreCount: 68 deviceMemorySize: 10.76GiB deviceMemoryBandwidth: 573.69GiB/s
2021-05-02 15:05:52.436573: W tensorflow/stream_executor/platform/default/dso_loader.cc:60] Could not load dynamic library 'libcudart.so.11.0'; dlerror: libcudart.so.11.0: cannot open shared object file: No such file or directory; LD_LIBRARY_PATH: :/home/shaunak/lammps_test_7thAug19_sm_60/lammps-stable/lammps-25Oct19/src
2021-05-02 15:05:52.437494: W tensorflow/stream_executor/platform/default/dso_loader.cc:60] Could not load dynamic library 'libcublas.so.11'; dlerror: libcublas.so.11: cannot open shared object file: No such file or directory; LD_LIBRARY_PATH: :/home/shaunak/lammps_test_7thAug19_sm_60/lammps-stable/lammps-25Oct19/src
2021-05-02 15:05:52.438445: W tensorflow/stream_executor/platform/default/dso_loader.cc:60] Could not load dynamic library 'libcublasLt.so.11'; dlerror: libcublasLt.so.11: cannot open shared object file: No such file or directory; LD_LIBRARY_PATH: :/home/shaunak/lammps_test_7thAug19_sm_60/lammps-stable/lammps-25Oct19/src
2021-05-02 15:05:52.486422: I tensorflow/stream_executor/platform/default/dso_loader.cc:49] Successfully opened dynamic library libcufft.so.10
2021-05-02 15:05:52.495468: I tensorflow/stream_executor/platform/default/dso_loader.cc:49] Successfully opened dynamic library libcurand.so.10
2021-05-02 15:05:52.574007: I tensorflow/stream_executor/platform/default/dso_loader.cc:49] Successfully opened dynamic library libcusolver.so.10
2021-05-02 15:05:52.574814: W tensorflow/stream_executor/platform/default/dso_loader.cc:60] Could not load dynamic library 'libcusparse.so.11'; dlerror: libcusparse.so.11: cannot open shared object file: No such file or directory; LD_LIBRARY_PATH: :/home/shaunak/lammps_test_7thAug19_sm_60/lammps-stable/lammps-25Oct19/src
2021-05-02 15:05:52.575478: W tensorflow/stream_executor/platform/default/dso_loader.cc:60] Could not load dynamic library 'libcudnn.so.8'; dlerror: libcudnn.so.8: cannot open shared object file: No such file or directory; LD_LIBRARY_PATH: :/home/shaunak/lammps_test_7thAug19_sm_60/lammps-stable/lammps-25Oct19/src
2021-05-02 15:05:52.575491: W tensorflow/core/common_runtime/gpu/gpu_device.cc:1757] Cannot dlopen some GPU libraries. Please make sure the missing libraries mentioned above are installed properly if you would like to use GPU. Follow the guide at https://www.tensorflow.org/install/gpu for how to download and setup the required libraries for your platform.
Skipping registering GPU devices...
2021-05-02 15:05:52.577139: I tensorflow/compiler/jit/xla_gpu_device.cc:99] Not creating XLA devices, tf_xla_enable_xla_devices not set
2021-05-02 15:05:52.577169: I tensorflow/core/common_runtime/gpu/gpu_device.cc:1261] Device interconnect StreamExecutor with strength 1 edge matrix:
2021-05-02 15:05:52.577178: I tensorflow/core/common_runtime/gpu/gpu_device.cc:1267]      
2021-05-02 22:01:54.597714: W tensorflow/python/util/util.cc:348] Sets are not currently considered sequences, but this may change in the future, so consider avoiding using them.
Step	Error	R2

0	4723449344.0	-955257727.0730952

10	4551498240.0	-920482828.4875442

20	909935424.0	-184022911.28657058

30	36931.328125	-7467.890601637081

40	80268.171875	-16232.217806746345

50	71493.171875	-14457.58592267071

60	74386.84375	-15042.79237217701

70	21351.4453125	-4317.058061112427

80	62476.9296875	-12634.165305532744

90	68915.5625	-13936.296748340317

100	83027.875	-16790.330849018275

110	14796.4482421875	-2991.39310876446

120	50862.984375	-10285.391771896062

130	20147.98046875	-4073.672724413867

140	16430.236328125	-3321.807136093523

150	26991.69921875	-5457.727650077799

160	33740.08984375	-6822.504049136165

170	21168.87109375	-4280.1349407392

180	11160.423828125	-2256.0541125665245

190	81858.1328125	-16553.77196453355

200	61652.01953125	-12467.338542695335

210	8521.2861328125	-1722.3219435028884

220	200465.3125	-40540.56229463674

230	222039.890625	-44903.74558617863

240	158687.75	-32091.58381602806

250	5311.5107421875	-1073.185624488132

260	8087.78857421875	-1634.652213012874

270	12369.2744140625	-2500.528188675139

280	4188.90771484375	-846.1533492120546

290	3471.4091796875	-701.048254871067

300	15262.4609375	-3085.638266582647

310	24462.390625	-4946.207002089613

320	205393.46875	-41537.2303815546

330	141985.265625	-28713.719529231435

340	213252.578125	-43126.630865663225

350	4935.92333984375	-997.2274989102767

360	12875.537109375	-2602.9133021429525

370	43492.80859375	-8794.869629588675

380	161064.171875	-32572.187152906816

390	2238.212158203125	-451.64997170558024

400	129625.3828125	-26214.090209999533

410	2160.987548828125	-436.032295881544

420	144656.078125	-29253.858115780706

430	3270.02392578125	-660.3209483604139

440	23686.451171875	-4789.284685433106

450	46791.84375	-9462.056054841005

460	7051.9873046875	-1425.174487696183

470	2178.945556640625	-439.66393877546955

480	34810.0546875	-7038.892779957061

490	29163.908203125	-5897.030594250427

500	11167.9404296875	-2257.573536026414

510	22537.27734375	-4556.877627807611

520	99214.3515625	-20063.8473794533

530	39693.64453125	-8026.536654010246

540	3346.255126953125	-675.7377918968192

550	1539.36083984375	-310.31616990481245

560	37396.171875	-7561.901971130905

570	5400.37548828125	-1091.1570696899971

580	38243.8671875	-7733.3350046364685

590	13272.4990234375	-2683.194694589294

600	42482.21875	-8590.489925439835

610	4532.70703125	-915.6823028131316

620	4958.2421875	-1001.7412338815177

630	143953.03125	-29111.676986569488

640	18954.201171875	-3832.2471469901134

650	35581.80078125	-7194.968089848813

660	32209.224609375	-6512.906837782335

670	81671.5078125	-16516.028871836443

680	26997.392578125	-5458.879076318098

690	21839.384765625	-4415.7390929655685

700	10126.2978515625	-2046.9153050613545

710	81462.390625	-16473.736696154774

720	144721.078125	-29267.00419685126

730	6418.4765625	-1297.0557523116793

740	16205.9140625	-3276.440839373152

750	1632.92822265625	-329.2391437992976

760	127484.0390625	-25781.02653212811

770	6780.41064453125	-1370.2522085465225

780	31180.2109375	-6304.802525883629

790	134315.953125	-27162.699134069087

800	6126.05078125	-1237.9163413244098

810	12356.5927734375	-2497.9644912166564

820	3782.661376953125	-763.9953955474483

830	3792.41650390625	-765.9683308416655

840	1105.08203125	-222.48882707042395

850	4881.9169921875	-986.305843020868

860	37233.94921875	-7529.094513966801

870	5533.3525390625	-1118.050016482693

880	4664.42138671875	-942.3202615939279

890	801.8033447265625	-161.15467014287645

900	2080.5302734375	-419.7606822801808

910	3142.5478515625	-634.5405900684447

920	1058.0865478515625	-212.984609470212

930	1685.29931640625	-339.83030602531176

940	1235.2132568359375	-248.8063385124146

950	17535.103515625	-3545.252724277478

960	7913.3974609375	-1599.384418016175

970	865.0226440429688	-173.93999375930113

980	36592.3828125	-7399.346510795431

990	64082.7890625	-12958.932076232953

1000	1288.078125	-259.49761285613175

1010	111955.3515625	-22640.551191756265

1020	1003.69873046875	-201.98548827724073

1030	138141.90625	-27936.44904131928

1040	864.3533935546875	-173.8046645923045

1050	34151.57421875	-6905.722602470572

1060	64752.36328125	-13094.344934367164

1070	34909.046875	-7058.912108293874

1080	111631.875	-22575.126745648784

1090	1359.6031494140625	-273.96265446849435

1100	63831.33984375	-12908.078076443415

1110	14502.7734375	-2932.0022848265016

1120	46565.8359375	-9416.349383179206

1130	34157.12890625	-6906.84662422182

1140	7748.27392578125	-1565.990378960783

1150	642.48779296875	-128.9350808201119

1160	663.9169311523438	-133.26887818950402

1170	587.1192626953125	-117.7375366338473

1180	34685.12890625	-7013.62802701152

1190	50418.859375	-10195.575252186445

1200	5115.548828125	-1033.5544484592397

1210	591.173095703125	-118.55736811965077

1220	17430.6015625	-3524.118288495345

1230	37533.1171875	-7589.596485168632

1240	967.6266479492188	-194.69035904607222

1250	591.955322265625	-118.71558875926615

1260	1559.301513671875	-314.3488273964308

1270	670.67041015625	-134.6346042278085

1280	141032.078125	-28520.947479199593

1290	750.6430053710938	-150.80818706383607

1300	67286.46875	-13606.835176679268

1310	52511.51171875	-10618.788133021339

1320	1053.1446533203125	-211.98529378833348

1330	1354.57861328125	-272.9462732146814

1340	158834.171875	-32121.195619568927

1350	25734.96875	-5203.571379800874

1360	330059.4375	-66749.32932346383

1370	541.995361328125	-108.61174113659553

1380	752.3870239257812	-151.16071398773784

1390	31190.5703125	-6306.897168302661

1400	621.1455078125	-124.6188453080954

1410	697.0098876953125	-139.96140386463247

1420	35830.03125	-7245.170412406884

1430	8716.6025390625	-1761.8217154700646

1440	243369.9375	-49217.486476474776

1450	502.52923583984375	-100.63025991019428

1460	775.3446655273438	-155.80380250676077

1470	34700.25	-7016.6854254417785

1480	103767.703125	-20984.7032646835

1490	826.4109497070312	-166.13113618446013

1500	423629.34375	-85672.66696821981

1510	3783.674560546875	-764.199942024884

1520	59492.48828125	-12030.602213271553

1530	29609.220703125	-5987.089522332924

1540	39691.05859375	-8026.014192033353

1550	590.4373779296875	-118.40852015958104

1560	1855.974365234375	-374.34708827543585

1570	17584.10546875	-3555.1625791932324

1580	746.9083862304688	-150.05274259018202

1590	5858.71337890625	-1183.8506986442533

1600	419.7584228515625	-83.89091873958681

1610	630.113037109375	-126.43250596626159

1620	23469.33984375	-4745.37636889656

1630	21960.298828125	-4440.191829862214

1640	840.8938598632812	-169.06009590265367

1650	36294.6640625	-7339.134036744416

1660	799.271728515625	-160.64256474714884

1670	396.3940734863281	-79.16578713879339

1680	25288.33984375	-5113.245989116652

1690	78531.890625	-15881.077040714541

1700	208369.515625	-42139.09268898533

1710	56685.64453125	-11462.952637335802

1720	36969.15625	-7475.54301508554

1730	510.01171875	-102.14353448575085

1740	1742.1492919921875	-351.3277552715849

1750	21025.38671875	-4251.11826576566

1760	483252.0	-97730.58401476972

1770	385.9883117675781	-77.06132105732249

1780	667.029296875	-133.89834312838838

1790	390.9633483886719	-78.06746912128781

1800	502988.09375	-101721.95770570451

1810	226420.546875	-45789.686072214645

1820	13379.9150390625	-2704.917158873438

1830	18505.6796875	-3741.539179691236

1840	1307.097412109375	-263.34376163704763

1850	603.3292236328125	-121.01580569171165

1860	89355.5859375	-18070.03418158786

1870	28062.28125	-5674.240753671439

1880	742.2386474609375	-149.10835318875232

1890	383.0902099609375	-76.47520107568636

1900	328948.8125	-66524.71900531277

1910	2229.285400390625	-449.8447917653351

1920	438.14434814453125	-87.60924812631417

1930	2709.338134765625	-546.9290255827179

1940	39161.92578125	-7919.003579005575

1950	9944.759765625	-2010.200913613951

1960	430570.53125	-87076.4318130682

1970	437959.0625	-88570.66729274252

1980	254094.34375	-51386.357936268636

1990	618.4625854492188	-124.07634146352764

2000	491.5887756347656	-98.41759514055522

2010	8012.49072265625	-1619.4247890442973

2020	11851.4052734375	-2395.7955154238925

2030	1123.861328125	-226.28664367944418

2040	27508.177734375	-5562.179767467256

2050	1185.211181640625	-238.69385627517477

2060	54226.74609375	-10965.673356925658

2070	314.6177673339844	-62.62756530339115

2080	5319.9443359375	-1074.8914183151805

2090	880.8461303710938	-177.13988980717767

2100	140038.046875	-28319.91751342023

2110	469988.09375	-95048.12813199368

2120	12548.0859375	-2536.69172609415

2130	118725.09375	-24009.6428635883

2140	19048.904296875	-3851.3994114128977

2150	6254.970703125	-1263.9880359524716

2160	150773.75	-30491.078428464138

2170	91390.09375	-18481.48864757184

2180	350.7968444824219	-69.94434163410712

2190	11404.8759765625	-2305.4915672567026

2200	353.3214111328125	-70.45489706035741

2210	3644.209228515625	-735.9952478884336

2220	779.7147827148438	-156.6873952654909

2230	642155.0625	-129866.70632001395

2240	290.5479736328125	-57.75974462494153

2250	1043.236328125	-209.9814587054832

2260	287.94073486328125	-57.23245331184561

2270	293429.125	-59341.31883764825

2280	17645.87890625	-3567.6555564123464

2290	193052.140625	-39041.347799537325

2300	286.833251953125	-57.00850456770449

2310	77229.4375	-15617.674290458166

2320	346578.0	-70090.0017238602

2330	22637.8125	-4577.210961908407

2340	31850.330078125	-6440.325344163491

2350	36245.26171875	-7329.145176579135

2360	403016.875	-81504.05938709008

2370	566.1309204101562	-113.49290124617943

2380	26027.169921875	-5262.665499582313

2390	24283.74609375	-4910.079362605365

2400	2116.642578125	-427.06421751877673

2410	537.3917846679688	-107.68064328728198

2420	299.0022888183594	-59.469462319752324

2430	71088.640625	-14375.774372246082

2440	602.446533203125	-120.83713538088669

2450	19358.552734375	-3914.021944581607

2460	278.390869140625	-55.3010859331878

2470	274.0980529785156	-54.43295285810925

2480	273.1070251464844	-54.23249713418875

2490	2931.149658203125	-591.7879769770072

2500	15472.2802734375	-3128.0726212521345

2510	312.8939208984375	-62.27896111757801

2520	211964.71875	-42866.17299131556

2530	14648.21875	-2961.4166739382345

2540	284.5198669433594	-56.540679704712026

2550	6963.85498046875	-1407.3514529889505

2560	12872.7900390625	-2602.3588325384453

2570	325.14532470703125	-64.75653577226245

2580	2056.28173828125	-414.8569894037916

2590	497.3984069824219	-99.5926251807236

2600	22866.630859375	-4623.486098886287

2610	623.841552734375	-125.16399774295022

2620	10553.5166015625	-2133.3149810587956

2630	612.3114624023438	-122.83231917659569

2640	59077.98046875	-11946.773229189392

2650	231.1808319091797	-45.75346721560106

2660	42993.9453125	-8693.98001221505

2670	625.896240234375	-125.5795247984334

2680	60211.796875	-12176.071904668299

2690	161707.859375	-32702.362544453095

2700	419.84130859375	-83.90757917280844

2710	177091.140625	-35813.437666914775

2720	101915.109375	-20610.037960992988

2730	856.33447265625	-172.1828919356837

2740	6240.83154296875	-1261.1290322732916

2750	568.3886108398438	-113.9494579701556

2760	162624.703125	-32887.78190004572

2770	352.3670959472656	-70.2617777147108

2780	461.09515380859375	-92.25063597487703

2790	693.5839233398438	-139.26850332831302

2800	213.9979705810547	-42.27847821802401

2810	585.4102783203125	-117.39176351258988

2820	462.7474670410156	-92.58491378092378

2830	197.42080688476562	-38.92594905417802

2840	10530.794921875	-2128.7199476736646

2850	17950.05859375	-3629.171863273539

2860	656.1047973632812	-131.6888107244475

2870	51904.5546875	-10496.038095656033

2880	215.3175048828125	-42.54530437124963

2890	1684.02587890625	-339.572969959962

2900	291.1563415527344	-57.882727166381116

2910	493.4633483886719	-98.79679357242414

2920	46490.87109375	-9401.189316212944

2930	362.46484375	-72.30391332044552

2940	324.0227966308594	-64.5295089077935

2950	424.1907653808594	-84.78718775104755

2960	56533.45703125	-11432.174796395158

2970	219.4924774169922	-43.38961549392099

2980	178689.4375	-36136.674534385216

2990	373.03094482421875	-74.44076554135772

3000	206.4698028564453	-40.756017357045025

3010	563.998779296875	-113.06152669816555

3020	18213.30078125	-3682.4092622731323

3030	472.15545654296875	-94.48741252984155

3040	813.9569702148438	-163.61237071065028

3050	19498.5390625	-3942.3322826399503

3060	17803.58203125	-3599.548918369379

3070	242956.234375	-49133.81722836209

3080	187.3972930908203	-36.89879871719865

3090	189.8237762451172	-37.3895346254749

3100	22490.935546875	-4547.506650846485

3110	66064.3359375	-13359.67380202988

3120	1408.0181884765625	-283.75389074133045

3130	10975.7080078125	-2218.6968760057343

3140	186.07899475097656	-36.63217591870455

3150	73557.1953125	-14875.011020378008

3160	1946.835205078125	-392.7228119959801

3170	20928.37890625	-4231.498154991331

3180	95864.7734375	-19386.43460031224

3190	43831.08203125	-8863.280218803711

3200	32573.48828125	-6586.575174736929

3210	9032.6689453125	-1825.7428557462072

3220	200.6808624267578	-39.5852753045669

3230	19914.287109375	-4026.412011030066

3240	57852.64453125	-11698.96335711776

3250	403.55059814453125	-80.61307755642711

3260	14349.1474609375	-2900.932303687856

3270	365.53680419921875	-72.92516685054903

3280	516.1742553710938	-103.38964409571533

3290	172.97535705566406	-33.9821268265404

3300	52885.0234375	-10694.325552653898

3310	49574.1640625	-10024.746550670787

3320	639.8997192382812	-128.41151618795718

3330	14704.9873046875	-2972.8974555210957

3340	487.7310791015625	-97.63736421313388

3350	163.34033203125	-32.033572275093206

3360	184.90109252929688	-36.394019478435396

3370	311.54034423828125	-62.005098058320414

3380	191.45379638671875	-37.71914889935009

3390	295046.28125	-59668.36628860892

3400	21304.3203125	-4307.528806302754

3410	302.296142578125	-60.135569406943404

3420	595.3056640625	-119.39295583397049

3430	896.254638671875	-180.25623205469017

3440	179.0311737060547	-35.20684054754222

3450	382.28704833984375	-76.3128030372138

3460	569.8141479492188	-114.23761986480237

3470	8640.7548828125	-1746.483196871975

3480	337887.125	-68332.38899635745

3490	8820.3193359375	-1782.7977586418265

3500	149.74749755859375	-29.28460875626961

3510	239.7483367919922	-47.486162518450946

3520	142.1050262451172	-27.739023790530656

3530	195944.21875	-39626.23670086479

3540	301.0349426269531	-59.8804789179773

3550	205212.328125	-41500.588741087

3560	196.01829528808594	-38.642319739175655

3570	216.86773681640625	-42.85878404877277

3580	337.94219970703125	-67.34462723573445

3590	10593.880859375	-2141.477957972422

3600	179.5279998779297	-35.307365547848974

3610	18675.916015625	-3775.9675336217583

3620	22048.37109375	-4458.00361559791

3630	153969.015625	-31137.280473201165

3640	8397.77734375	-1697.3440739861321

3650	1728.8748779296875	-348.6427742583479

3660	163.86752319335938	-32.14019738875759

3670	133.89804077148438	-26.079261926004698

3680	158.2301025390625	-31.00008610017604

3690	351.0867919921875	-70.00296299571781

3700	134364.09375	-27172.434007444757

3710	230.92076110839844	-45.7008200679112

3720	210.8831787109375	-41.648476903096025

3730	464.19439697265625	-92.87737570313702

3740	125919.2421875	-25464.56945501091

3750	133.63035583496094	-26.025110939040022

3760	256.61956787109375	-50.89808111453816

3770	11999.076171875	-2425.661064663699

3780	420.61370849609375	-84.06388399014443

3790	123.04170227050781	-23.883690398559107

3800	136308.9375	-27565.754425808464

3810	126.42301177978516	-24.567516504375078

3820	11087.1201171875	-2241.2294476405946

3830	576.3466186523438	-115.55869494635846

3840	119131.0	-24091.730861248656

3850	340.92425537109375	-67.9475953288195

3860	257.1421813964844	-51.003764220727305

3870	127878.6328125	-25860.83042246335

3880	2677.884765625	-540.5683170709699

3890	150.1618194580078	-29.368395869809493

3900	179.98475646972656	-35.39968047128397

3910	15642.796875	-3162.557244161413

3920	49261.87890625	-9961.590862918609

3930	285.4529113769531	-56.72923239791066

3940	189138.046875	-38249.769388277484

3950	103010.5546875	-20831.57811176121

3960	35414.43359375	-7161.118526551935

3970	48226.64453125	-9752.227153944164

3980	152.62440490722656	-29.866410115302635

3990	188.29823303222656	-37.08095931807553

4000	6485.43701171875	-1310.5974173063773

4010	49928.77734375	-10096.461303507755

4020	132.25051879882812	-25.746057426300172

4030	9932.85546875	-2007.7941468399172

4040	8596.6376953125	-1737.5609170395435

4050	20471.07421875	-4139.0156814965285

4060	446.2748107910156	-89.2533606663116

4070	2190.032958984375	-441.9064868533968

4080	77448.9296875	-15662.06170012271

4090	215.9062042236328	-42.66439466963034

4100	125.19205474853516	-24.318595825948595

4110	146.63580322265625	-28.65533226174808

4120	33786.546875	-6831.900837385005

4130	472.4064025878906	-94.53812843984349

4140	484.4706115722656	-96.97796078703452

4150	113.75526428222656	-22.00561553022932

4160	52704.296875	-10657.776554053791

4170	2959.40576171875	-597.5023743498126

4180	372.0880432128906	-74.25005291723038

4190	293.5220642089844	-58.361114243751764

4200	76353.8125	-15440.589371981026

4210	249.2758331298828	-49.41296434761418

4220	32323.29296875	-6535.975003896248

4230	268497.65625	-54299.241818427545

4240	118.77640533447266	-23.02107240160674

4250	619.3138427734375	-124.24845052752131

4260	386093.40625	-78081.49038515979

4270	9395.42578125	-1899.1059658061647

4280	3872.503662109375	-782.1648375655367

4290	67575.8984375	-13665.369237380644

4300	36805.46484375	-7442.438542740091

4310	105.46986389160156	-20.329997798397983

4320	115.24946594238281	-22.307787248838167

4330	210.59906005859375	-41.59100346574287

4340	4181.326171875	-844.6203116539439

4350	171711.09375	-34725.39192406547

4360	196004.515625	-39638.43091786021

4370	29873.93359375	-6040.624165147152

4380	103.577880859375	-19.947383083474143

4390	992.2762451171875	-199.67516457160784

4400	100.3555679321289	-19.295719263088532

4410	23743.68359375	-4800.858855407686

4420	90944.4921875	-18391.368758343335

4430	108.51210021972656	-20.945267136094596

4440	7357.95166015625	-1487.052513971931

4450	32863.0390625	-6645.133215500092

4460	88485.296875	-17894.02906247197

4470	72001.84375	-14560.460218754866

4480	102801.6953125	-20789.341937571182

4490	324.8016052246094	-64.68697566646246

4500	96.28663635253906	-18.47281169530221

4510	126.92886352539062	-24.669782832279072

4520	34110.09375	-6897.333860978521

4530	258.5760192871094	-51.293721007649715

4540	5549.84326171875	-1121.3855608736258

4550	14840.1552734375	-3000.2336289903674

4560	143665.546875	-29053.532166998302

4570	47986.015625	-9703.560226938767

4580	95576.875	-19328.21037058409

4590	133.65821838378906	-26.030764216983307

4600	117.56928253173828	-22.77697166023429

4610	544.5513305664062	-109.12850147995175

4620	522.663818359375	-104.70203094209313

4630	217.75360107421875	-43.038003326542444

4640	13379.294921875	-2704.7927769898783

4650	117236.0390625	-23708.500597217655

4660	157574.3125	-31866.40696760641

4670	7699.23876953125	-1556.073522342727

4680	242.10423278808594	-47.96247582685957

4690	517.6266479492188	-103.68333171540564

4700	93.2404556274414	-17.856752822372073

4710	225.4689178466797	-44.59831975741558

4720	14732.2685546875	-2978.414748443233

4730	158899.65625	-32134.44231950059

4740	81315.328125	-16443.991888221273

4750	133.66233825683594	-26.031570588301093

4760	6565.65185546875	-1326.8199253916937

4770	423.7322082519531	-84.69454203806458

4780	8844.580078125	-1787.7043489653436

4790	120105.3125	-24288.77646949206

4800	220.66078186035156	-43.62592543601994

4810	202.2728729248047	-39.90722047860838

4820	256511.734375	-51875.24500467287

4830	92460.5	-18697.96371012805

4840	175.25613403320312	-34.443341983009475

4850	11889.63671875	-2403.528300907473

4860	30434.517578125	-6153.995800536489

4870	9618.6689453125	-1944.2530312495028

4880	120.02783203125	-23.274196945755648

4890	306.70623779296875	-61.02741811880559

4900	488.0430603027344	-97.70057108200349

4910	1460.9569091796875	-294.4600867753492

4920	57418.46875	-11611.156129899617

4930	102.172119140625	-19.66309198890024

4940	121.61325073242188	-23.59480358670841

4950	48801.15234375	-9868.413940882918

4960	123176.0234375	-24909.78406247731

4970	102.26698303222656	-19.68224435947268

4980	91.81372833251953	-17.568232832510848

4990	177.82701110839844	-34.9633478097641

